[32minfo[39m: [DB] Connection pool established successfully {"database":"booking_platform","host":"localhost","poolMax":10,"service":"booking-platform-api"}
[32minfo[39m: [DB] Connection pool established successfully {"database":"booking_platform","host":"localhost","poolMax":10,"service":"booking-platform-api"}
[32minfo[39m: [DB] Connection pool established successfully {"database":"booking_platform","host":"localhost","poolMax":10,"service":"booking-platform-api"}
[32minfo[39m: [DB] Connection pool established successfully {"database":"booking_platform","host":"localhost","poolMax":10,"service":"booking-platform-api"}
[32minfo[39m: [DB] Connection pool established successfully {"database":"booking_platform","host":"localhost","poolMax":10,"service":"booking-platform-api"}
[32minfo[39m: [SERVER] Running on port 3001 in development mode {"service":"booking-platform-api"}
[32mhttp[39m: ::1 - - [24/Mar/2026:18:19:50 +0000] "GET /favicon.ico HTTP/1.1" 404 88 "-" "Mozilla/5.0 (Windows NT 10.0; Win64; x64) AppleWebKit/537.36 (KHTML, like Gecko) Chrome/146.0.0.0 Safari/537.36" {"service":"booking-platform-api"}
[32minfo[39m: [DB] Connection pool established successfully {"database":"booking_platform","host":"localhost","poolMax":10,"service":"booking-platform-api"}
[32minfo[39m: [DB] Connection pool established successfully {"database":"booking_platform","host":"localhost","poolMax":10,"service":"booking-platform-api"}
[32minfo[39m: [SERVER] Running on port 3001 in development mode {"service":"booking-platform-api"}
[32mhttp[39m: ::1 - - [24/Mar/2026:18:24:53 +0000] "GET /api/v1 HTTP/1.1" 404 83 "-" "Mozilla/5.0 (Windows NT 10.0; Win64; x64) AppleWebKit/537.36 (KHTML, like Gecko) Chrome/146.0.0.0 Safari/537.36" {"service":"booking-platform-api"}
[31merror[39m: [
  {
    "expected": "string",
    "code": "invalid_type",
    "path": [
      "body",
      "phone"
    ],
    "message": "Invalid input: expected string, received undefined"
  },
  {
    "origin": "string",
    "code": "invalid_format",
    "format": "regex",
    "pattern": "/[A-Z]/",
    "path": [
      "body",
      "password"
    ],
    "message": "Password must contain at least one uppercase letter"
  },
  {
    "expected": "string",
    "code": "invalid_type",
    "path": [
      "body",
      "full_name"
    ],
    "message": "Invalid input: expected string, received undefined"
  },
  {
    "expected": "string",
    "code": "invalid_type",
    "path": [
      "body",
      "city"
    ],
    "message": "Invalid input: expected string, received undefined"
  }
] {"request":{"ip":"::1","method":"POST","url":"/api/v1/auth/register"},"service":"booking-platform-api","stack":"ZodError: [\n  {\n    \"expected\": \"string\",\n    \"code\": \"invalid_type\",\n    \"path\": [\n      \"body\",\n      \"phone\"\n    ],\n    \"message\": \"Invalid input: expected string, received undefined\"\n  },\n  {\n    \"origin\": \"string\",\n    \"code\": \"invalid_format\",\n    \"format\": \"regex\",\n    \"pattern\": \"/[A-Z]/\",\n    \"path\": [\n      \"body\",\n      \"password\"\n    ],\n    \"message\": \"Password must contain at least one uppercase letter\"\n  },\n  {\n    \"expected\": \"string\",\n    \"code\": \"invalid_type\",\n    \"path\": [\n      \"body\",\n      \"full_name\"\n    ],\n    \"message\": \"Invalid input: expected string, received undefined\"\n  },\n  {\n    \"expected\": \"string\",\n    \"code\": \"invalid_type\",\n    \"path\": [\n      \"body\",\n      \"city\"\n    ],\n    \"message\": \"Invalid input: expected string, received undefined\"\n  }\n]\n    at file:///C:/Users/gayat/SLSBP/backend/src/middleware/validate.js:10:29\n    at Layer.handleRequest (C:\\Users\\gayat\\SLSBP\\backend\\node_modules\\router\\lib\\layer.js:152:17)\n    at next (C:\\Users\\gayat\\SLSBP\\backend\\node_modules\\router\\lib\\route.js:157:13)\n    at Route.dispatch (C:\\Users\\gayat\\SLSBP\\backend\\node_modules\\router\\lib\\route.js:117:3)\n    at handle (C:\\Users\\gayat\\SLSBP\\backend\\node_modules\\router\\index.js:435:11)\n    at Layer.handleRequest (C:\\Users\\gayat\\SLSBP\\backend\\node_modules\\router\\lib\\layer.js:152:17)\n    at C:\\Users\\gayat\\SLSBP\\backend\\node_modules\\router\\index.js:295:15\n    at processParams (C:\\Users\\gayat\\SLSBP\\backend\\node_modules\\router\\index.js:582:12)\n    at next (C:\\Users\\gayat\\SLSBP\\backend\\node_modules\\router\\index.js:291:5)\n    at Function.handle (C:\\Users\\gayat\\SLSBP\\backend\\node_modules\\router\\index.js:186:3)"}
[32mhttp[39m: ::1 - - [24/Mar/2026:18:33:36 +0000] "POST /api/v1/auth/register HTTP/1.1" 422 1181 "-" "PostmanRuntime/7.51.0" {"service":"booking-platform-api"}
[32minfo[39m: [DB] Connection pool established successfully {"database":"booking_platform","host":"localhost","poolMax":10,"service":"booking-platform-api"}
[32minfo[39m: [DB] Connection pool established successfully {"database":"booking_platform","host":"localhost","poolMax":10,"service":"booking-platform-api"}
[32minfo[39m: [SERVER] Running on port 3001 in development mode {"service":"booking-platform-api"}
[31merror[39m: [
  {
    "expected": "string",
    "code": "invalid_type",
    "path": [
      "body",
      "phone"
    ],
    "message": "Invalid input: expected string, received undefined"
  },
  {
    "origin": "string",
    "code": "invalid_format",
    "format": "regex",
    "pattern": "/[A-Z]/",
    "path": [
      "body",
      "password"
    ],
    "message": "Password must contain at least one uppercase letter"
  },
  {
    "expected": "string",
    "code": "invalid_type",
    "path": [
      "body",
      "full_name"
    ],
    "message": "Invalid input: expected string, received undefined"
  },
  {
    "expected": "string",
    "code": "invalid_type",
    "path": [
      "body",
      "city"
    ],
    "message": "Invalid input: expected string, received undefined"
  }
] {"request":{"ip":"::1","method":"POST","url":"/api/v1/auth/register"},"service":"booking-platform-api","stack":"ZodError: [\n  {\n    \"expected\": \"string\",\n    \"code\": \"invalid_type\",\n    \"path\": [\n      \"body\",\n      \"phone\"\n    ],\n    \"message\": \"Invalid input: expected string, received undefined\"\n  },\n  {\n    \"origin\": \"string\",\n    \"code\": \"invalid_format\",\n    \"format\": \"regex\",\n    \"pattern\": \"/[A-Z]/\",\n    \"path\": [\n      \"body\",\n      \"password\"\n    ],\n    \"message\": \"Password must contain at least one uppercase letter\"\n  },\n  {\n    \"expected\": \"string\",\n    \"code\": \"invalid_type\",\n    \"path\": [\n      \"body\",\n      \"full_name\"\n    ],\n    \"message\": \"Invalid input: expected string, received undefined\"\n  },\n  {\n    \"expected\": \"string\",\n    \"code\": \"invalid_type\",\n    \"path\": [\n      \"body\",\n      \"city\"\n    ],\n    \"message\": \"Invalid input: expected string, received undefined\"\n  }\n]\n    at file:///C:/Users/gayat/SLSBP/backend/src/middleware/validate.js:10:29\n    at Layer.handleRequest (C:\\Users\\gayat\\SLSBP\\backend\\node_modules\\router\\lib\\layer.js:152:17)\n    at next (C:\\Users\\gayat\\SLSBP\\backend\\node_modules\\router\\lib\\route.js:157:13)\n    at Route.dispatch (C:\\Users\\gayat\\SLSBP\\backend\\node_modules\\router\\lib\\route.js:117:3)\n    at handle (C:\\Users\\gayat\\SLSBP\\backend\\node_modules\\router\\index.js:435:11)\n    at Layer.handleRequest (C:\\Users\\gayat\\SLSBP\\backend\\node_modules\\router\\lib\\layer.js:152:17)\n    at C:\\Users\\gayat\\SLSBP\\backend\\node_modules\\router\\index.js:295:15\n    at processParams (C:\\Users\\gayat\\SLSBP\\backend\\node_modules\\router\\index.js:582:12)\n    at next (C:\\Users\\gayat\\SLSBP\\backend\\node_modules\\router\\index.js:291:5)\n    at Function.handle (C:\\Users\\gayat\\SLSBP\\backend\\node_modules\\router\\index.js:186:3)"}
[32mhttp[39m: ::1 - - [24/Mar/2026:18:39:10 +0000] "POST /api/v1/auth/register HTTP/1.1" 422 449 "-" "PostmanRuntime/7.51.0" {"service":"booking-platform-api"}
[31merror[39m: [
  {
    "expected": "string",
    "code": "invalid_type",
    "path": [
      "body",
      "phone"
    ],
    "message": "Invalid input: expected string, received undefined"
  },
  {
    "origin": "string",
    "code": "invalid_format",
    "format": "regex",
    "pattern": "/[A-Z]/",
    "path": [
      "body",
      "password"
    ],
    "message": "Password must contain at least one uppercase letter"
  },
  {
    "expected": "string",
    "code": "invalid_type",
    "path": [
      "body",
      "full_name"
    ],
    "message": "Invalid input: expected string, received undefined"
  },
  {
    "expected": "string",
    "code": "invalid_type",
    "path": [
      "body",
      "city"
    ],
    "message": "Invalid input: expected string, received undefined"
  }
] {"request":{"ip":"::1","method":"POST","url":"/api/v1/auth/register"},"service":"booking-platform-api","stack":"ZodError: [\n  {\n    \"expected\": \"string\",\n    \"code\": \"invalid_type\",\n    \"path\": [\n      \"body\",\n      \"phone\"\n    ],\n    \"message\": \"Invalid input: expected string, received undefined\"\n  },\n  {\n    \"origin\": \"string\",\n    \"code\": \"invalid_format\",\n    \"format\": \"regex\",\n    \"pattern\": \"/[A-Z]/\",\n    \"path\": [\n      \"body\",\n      \"password\"\n    ],\n    \"message\": \"Password must contain at least one uppercase letter\"\n  },\n  {\n    \"expected\": \"string\",\n    \"code\": \"invalid_type\",\n    \"path\": [\n      \"body\",\n      \"full_name\"\n    ],\n    \"message\": \"Invalid input: expected string, received undefined\"\n  },\n  {\n    \"expected\": \"string\",\n    \"code\": \"invalid_type\",\n    \"path\": [\n      \"body\",\n      \"city\"\n    ],\n    \"message\": \"Invalid input: expected string, received undefined\"\n  }\n]\n    at file:///C:/Users/gayat/SLSBP/backend/src/middleware/validate.js:10:29\n    at Layer.handleRequest (C:\\Users\\gayat\\SLSBP\\backend\\node_modules\\router\\lib\\layer.js:152:17)\n    at next (C:\\Users\\gayat\\SLSBP\\backend\\node_modules\\router\\lib\\route.js:157:13)\n    at Route.dispatch (C:\\Users\\gayat\\SLSBP\\backend\\node_modules\\router\\lib\\route.js:117:3)\n    at handle (C:\\Users\\gayat\\SLSBP\\backend\\node_modules\\router\\index.js:435:11)\n    at Layer.handleRequest (C:\\Users\\gayat\\SLSBP\\backend\\node_modules\\router\\lib\\layer.js:152:17)\n    at C:\\Users\\gayat\\SLSBP\\backend\\node_modules\\router\\index.js:295:15\n    at processParams (C:\\Users\\gayat\\SLSBP\\backend\\node_modules\\router\\index.js:582:12)\n    at next (C:\\Users\\gayat\\SLSBP\\backend\\node_modules\\router\\index.js:291:5)\n    at Function.handle (C:\\Users\\gayat\\SLSBP\\backend\\node_modules\\router\\index.js:186:3)"}
[32mhttp[39m: ::1 - - [24/Mar/2026:18:39:43 +0000] "POST /api/v1/auth/register HTTP/1.1" 422 449 "-" "PostmanRuntime/7.51.0" {"service":"booking-platform-api"}
[31merror[39m: [
  {
    "code": "invalid_value",
    "values": [
      "customer",
      "provider"
    ],
    "path": [
      "body",
      "role"
    ],
    "message": "Invalid option: expected one of \"customer\"|\"provider\""
  }
] {"request":{"ip":"::1","method":"POST","url":"/api/v1/auth/register"},"service":"booking-platform-api","stack":"ZodError: [\n  {\n    \"code\": \"invalid_value\",\n    \"values\": [\n      \"customer\",\n      \"provider\"\n    ],\n    \"path\": [\n      \"body\",\n      \"role\"\n    ],\n    \"message\": \"Invalid option: expected one of \\\"customer\\\"|\\\"provider\\\"\"\n  }\n]\n    at file:///C:/Users/gayat/SLSBP/backend/src/middleware/validate.js:10:29\n    at Layer.handleRequest (C:\\Users\\gayat\\SLSBP\\backend\\node_modules\\router\\lib\\layer.js:152:17)\n    at next (C:\\Users\\gayat\\SLSBP\\backend\\node_modules\\router\\lib\\route.js:157:13)\n    at Route.dispatch (C:\\Users\\gayat\\SLSBP\\backend\\node_modules\\router\\lib\\route.js:117:3)\n    at handle (C:\\Users\\gayat\\SLSBP\\backend\\node_modules\\router\\index.js:435:11)\n    at Layer.handleRequest (C:\\Users\\gayat\\SLSBP\\backend\\node_modules\\router\\lib\\layer.js:152:17)\n    at C:\\Users\\gayat\\SLSBP\\backend\\node_modules\\router\\index.js:295:15\n    at processParams (C:\\Users\\gayat\\SLSBP\\backend\\node_modules\\router\\index.js:582:12)\n    at next (C:\\Users\\gayat\\SLSBP\\backend\\node_modules\\router\\index.js:291:5)\n    at Function.handle (C:\\Users\\gayat\\SLSBP\\backend\\node_modules\\router\\index.js:186:3)"}
[32mhttp[39m: ::1 - - [24/Mar/2026:18:40:32 +0000] "POST /api/v1/auth/register HTTP/1.1" 422 190 "-" "PostmanRuntime/7.51.0" {"service":"booking-platform-api"}
[31merror[39m: [
  {
    "code": "invalid_value",
    "values": [
      "customer",
      "provider"
    ],
    "path": [
      "body",
      "role"
    ],
    "message": "Invalid option: expected one of \"customer\"|\"provider\""
  }
] {"request":{"ip":"::1","method":"POST","url":"/api/v1/auth/register"},"service":"booking-platform-api","stack":"ZodError: [\n  {\n    \"code\": \"invalid_value\",\n    \"values\": [\n      \"customer\",\n      \"provider\"\n    ],\n    \"path\": [\n      \"body\",\n      \"role\"\n    ],\n    \"message\": \"Invalid option: expected one of \\\"customer\\\"|\\\"provider\\\"\"\n  }\n]\n    at file:///C:/Users/gayat/SLSBP/backend/src/middleware/validate.js:10:29\n    at Layer.handleRequest (C:\\Users\\gayat\\SLSBP\\backend\\node_modules\\router\\lib\\layer.js:152:17)\n    at next (C:\\Users\\gayat\\SLSBP\\backend\\node_modules\\router\\lib\\route.js:157:13)\n    at Route.dispatch (C:\\Users\\gayat\\SLSBP\\backend\\node_modules\\router\\lib\\route.js:117:3)\n    at handle (C:\\Users\\gayat\\SLSBP\\backend\\node_modules\\router\\index.js:435:11)\n    at Layer.handleRequest (C:\\Users\\gayat\\SLSBP\\backend\\node_modules\\router\\lib\\layer.js:152:17)\n    at C:\\Users\\gayat\\SLSBP\\backend\\node_modules\\router\\index.js:295:15\n    at processParams (C:\\Users\\gayat\\SLSBP\\backend\\node_modules\\router\\index.js:582:12)\n    at next (C:\\Users\\gayat\\SLSBP\\backend\\node_modules\\router\\index.js:291:5)\n    at Function.handle (C:\\Users\\gayat\\SLSBP\\backend\\node_modules\\router\\index.js:186:3)"}
[32mhttp[39m: ::1 - - [24/Mar/2026:18:40:40 +0000] "POST /api/v1/auth/register HTTP/1.1" 422 190 "-" "PostmanRuntime/7.51.0" {"service":"booking-platform-api"}
[31merror[39m: Cannot set property query of #<IncomingMessage> which has only a getter {"request":{"ip":"::1","method":"POST","url":"/api/v1/auth/register"},"service":"booking-platform-api","stack":"TypeError: Cannot set property query of #<IncomingMessage> which has only a getter\n    at file:///C:/Users/gayat/SLSBP/backend/src/middleware/validate.js:18:18\n    at Layer.handleRequest (C:\\Users\\gayat\\SLSBP\\backend\\node_modules\\router\\lib\\layer.js:152:17)\n    at next (C:\\Users\\gayat\\SLSBP\\backend\\node_modules\\router\\lib\\route.js:157:13)\n    at Route.dispatch (C:\\Users\\gayat\\SLSBP\\backend\\node_modules\\router\\lib\\route.js:117:3)\n    at handle (C:\\Users\\gayat\\SLSBP\\backend\\node_modules\\router\\index.js:435:11)\n    at Layer.handleRequest (C:\\Users\\gayat\\SLSBP\\backend\\node_modules\\router\\lib\\layer.js:152:17)\n    at C:\\Users\\gayat\\SLSBP\\backend\\node_modules\\router\\index.js:295:15\n    at processParams (C:\\Users\\gayat\\SLSBP\\backend\\node_modules\\router\\index.js:582:12)\n    at next (C:\\Users\\gayat\\SLSBP\\backend\\node_modules\\router\\index.js:291:5)\n    at Function.handle (C:\\Users\\gayat\\SLSBP\\backend\\node_modules\\router\\index.js:186:3)"}
[32mhttp[39m: ::1 - - [24/Mar/2026:18:41:14 +0000] "POST /api/v1/auth/register HTTP/1.1" 500 1198 "-" "PostmanRuntime/7.51.0" {"service":"booking-platform-api"}
[31merror[39m: Cannot set property query of #<IncomingMessage> which has only a getter {"request":{"ip":"::1","method":"POST","url":"/api/v1/auth/register"},"service":"booking-platform-api","stack":"TypeError: Cannot set property query of #<IncomingMessage> which has only a getter\n    at file:///C:/Users/gayat/SLSBP/backend/src/middleware/validate.js:18:18\n    at Layer.handleRequest (C:\\Users\\gayat\\SLSBP\\backend\\node_modules\\router\\lib\\layer.js:152:17)\n    at next (C:\\Users\\gayat\\SLSBP\\backend\\node_modules\\router\\lib\\route.js:157:13)\n    at Route.dispatch (C:\\Users\\gayat\\SLSBP\\backend\\node_modules\\router\\lib\\route.js:117:3)\n    at handle (C:\\Users\\gayat\\SLSBP\\backend\\node_modules\\router\\index.js:435:11)\n    at Layer.handleRequest (C:\\Users\\gayat\\SLSBP\\backend\\node_modules\\router\\lib\\layer.js:152:17)\n    at C:\\Users\\gayat\\SLSBP\\backend\\node_modules\\router\\index.js:295:15\n    at processParams (C:\\Users\\gayat\\SLSBP\\backend\\node_modules\\router\\index.js:582:12)\n    at next (C:\\Users\\gayat\\SLSBP\\backend\\node_modules\\router\\index.js:291:5)\n    at Function.handle (C:\\Users\\gayat\\SLSBP\\backend\\node_modules\\router\\index.js:186:3)"}
[32mhttp[39m: ::1 - - [24/Mar/2026:18:43:22 +0000] "POST /api/v1/auth/register HTTP/1.1" 500 1198 "-" "PostmanRuntime/7.51.0" {"service":"booking-platform-api"}
[31merror[39m: Cannot set property query of #<IncomingMessage> which has only a getter {"request":{"ip":"::1","method":"POST","url":"/api/v1/auth/register"},"service":"booking-platform-api","stack":"TypeError: Cannot set property query of #<IncomingMessage> which has only a getter\n    at file:///C:/Users/gayat/SLSBP/backend/src/middleware/validate.js:18:18\n    at Layer.handleRequest (C:\\Users\\gayat\\SLSBP\\backend\\node_modules\\router\\lib\\layer.js:152:17)\n    at next (C:\\Users\\gayat\\SLSBP\\backend\\node_modules\\router\\lib\\route.js:157:13)\n    at Route.dispatch (C:\\Users\\gayat\\SLSBP\\backend\\node_modules\\router\\lib\\route.js:117:3)\n    at handle (C:\\Users\\gayat\\SLSBP\\backend\\node_modules\\router\\index.js:435:11)\n    at Layer.handleRequest (C:\\Users\\gayat\\SLSBP\\backend\\node_modules\\router\\lib\\layer.js:152:17)\n    at C:\\Users\\gayat\\SLSBP\\backend\\node_modules\\router\\index.js:295:15\n    at processParams (C:\\Users\\gayat\\SLSBP\\backend\\node_modules\\router\\index.js:582:12)\n    at next (C:\\Users\\gayat\\SLSBP\\backend\\node_modules\\router\\index.js:291:5)\n    at Function.handle (C:\\Users\\gayat\\SLSBP\\backend\\node_modules\\router\\index.js:186:3)"}
[32mhttp[39m: ::1 - - [24/Mar/2026:18:43:31 +0000] "POST /api/v1/auth/register HTTP/1.1" 500 1198 "-" "PostmanRuntime/7.51.0" {"service":"booking-platform-api"}
[31merror[39m: Cannot set property query of #<IncomingMessage> which has only a getter {"request":{"ip":"::1","method":"POST","url":"/api/v1/auth/register"},"service":"booking-platform-api","stack":"TypeError: Cannot set property query of #<IncomingMessage> which has only a getter\n    at file:///C:/Users/gayat/SLSBP/backend/src/middleware/validate.js:18:18\n    at Layer.handleRequest (C:\\Users\\gayat\\SLSBP\\backend\\node_modules\\router\\lib\\layer.js:152:17)\n    at next (C:\\Users\\gayat\\SLSBP\\backend\\node_modules\\router\\lib\\route.js:157:13)\n    at Route.dispatch (C:\\Users\\gayat\\SLSBP\\backend\\node_modules\\router\\lib\\route.js:117:3)\n    at handle (C:\\Users\\gayat\\SLSBP\\backend\\node_modules\\router\\index.js:435:11)\n    at Layer.handleRequest (C:\\Users\\gayat\\SLSBP\\backend\\node_modules\\router\\lib\\layer.js:152:17)\n    at C:\\Users\\gayat\\SLSBP\\backend\\node_modules\\router\\index.js:295:15\n    at processParams (C:\\Users\\gayat\\SLSBP\\backend\\node_modules\\router\\index.js:582:12)\n    at next (C:\\Users\\gayat\\SLSBP\\backend\\node_modules\\router\\index.js:291:5)\n    at Function.handle (C:\\Users\\gayat\\SLSBP\\backend\\node_modules\\router\\index.js:186:3)"}
[32mhttp[39m: ::1 - - [24/Mar/2026:18:43:51 +0000] "POST /api/v1/auth/register HTTP/1.1" 500 1198 "-" "PostmanRuntime/7.51.0" {"service":"booking-platform-api"}
[32minfo[39m: [DB] Connection pool established successfully {"database":"booking_platform","host":"localhost","poolMax":10,"service":"booking-platform-api"}
[32minfo[39m: [DB] Connection pool established successfully {"database":"booking_platform","host":"localhost","poolMax":10,"service":"booking-platform-api"}
[32minfo[39m: [SERVER] Running on port 3001 in development mode {"service":"booking-platform-api"}
[32minfo[39m: [AUTH] New user registered {"city":"Pune","role":"customer","service":"booking-platform-api","userId":1}
[32mhttp[39m: ::1 - - [24/Mar/2026:18:44:42 +0000] "POST /api/v1/auth/register HTTP/1.1" 201 679 "-" "PostmanRuntime/7.51.0" {"service":"booking-platform-api"}
[32mhttp[39m: ::1 - - [24/Mar/2026:18:45:17 +0000] "GET /api/v1/auth/register HTTP/1.1" 404 97 "-" "Mozilla/5.0 (Windows NT 10.0; Win64; x64) AppleWebKit/537.36 (KHTML, like Gecko) Chrome/146.0.0.0 Safari/537.36" {"service":"booking-platform-api"}
[32mhttp[39m: ::1 - - [24/Mar/2026:18:45:22 +0000] "GET /api/v1/auth/register HTTP/1.1" 404 97 "-" "Mozilla/5.0 (Windows NT 10.0; Win64; x64) AppleWebKit/537.36 (KHTML, like Gecko) Chrome/146.0.0.0 Safari/537.36" {"service":"booking-platform-api"}
[32mhttp[39m: ::1 - - [24/Mar/2026:18:45:23 +0000] "GET /api/v1/auth/register HTTP/1.1" 404 97 "-" "Mozilla/5.0 (Windows NT 10.0; Win64; x64) AppleWebKit/537.36 (KHTML, like Gecko) Chrome/146.0.0.0 Safari/537.36" {"service":"booking-platform-api"}
[32minfo[39m: [AUTH] New user registered {"city":"Pune","role":"provider","service":"booking-platform-api","userId":2}
[32mhttp[39m: ::1 - - [24/Mar/2026:18:49:54 +0000] "POST /api/v1/auth/register HTTP/1.1" 201 681 "-" "PostmanRuntime/7.51.0" {"service":"booking-platform-api"}
[32minfo[39m: [AUTH] User logged in {"role":"customer","service":"booking-platform-api","userId":1}
[32mhttp[39m: ::1 - - [24/Mar/2026:18:51:17 +0000] "POST /api/v1/auth/login HTTP/1.1" 200 599 "-" "PostmanRuntime/7.51.0" {"service":"booking-platform-api"}
[32minfo[39m: [AUTH] User logged in {"role":"customer","service":"booking-platform-api","userId":1}
[32mhttp[39m: ::1 - - [24/Mar/2026:18:56:13 +0000] "POST /api/v1/auth/login HTTP/1.1" 200 599 "-" "PostmanRuntime/7.51.0" {"service":"booking-platform-api"}
[32minfo[39m: [AUTH] User logged in {"role":"provider","service":"booking-platform-api","userId":2}
[32mhttp[39m: ::1 - - [24/Mar/2026:18:56:43 +0000] "POST /api/v1/auth/login HTTP/1.1" 200 601 "-" "PostmanRuntime/7.51.0" {"service":"booking-platform-api"}
[32minfo[39m: [DB] Connection pool established successfully {"database":"booking_platform","host":"localhost","poolMax":10,"service":"booking-platform-api"}
[32minfo[39m: [DB] Connection pool established successfully {"database":"booking_platform","host":"localhost","poolMax":10,"service":"booking-platform-api"}
[32minfo[39m: [SERVER] Running on port 3001 in development mode {"service":"booking-platform-api"}
[31merror[39m: No authentication token provided {"code":"UNAUTHORIZED","isOperational":true,"request":{"ip":"::1","method":"POST","url":"/api/v1/providers/me/services"},"service":"booking-platform-api","stack":"Error: No authentication token provided\n    at AppError.unauthorized (file:///C:/Users/gayat/SLSBP/backend/src/utils/AppError.js:49:3)\n    at file:///C:/Users/gayat/SLSBP/backend/src/middleware/auth.js:16:20\n    at file:///C:/Users/gayat/SLSBP/backend/src/utils/asyncWrapper.js:10:19\n    at Layer.handleRequest (C:\\Users\\gayat\\SLSBP\\backend\\node_modules\\router\\lib\\layer.js:152:17)\n    at trimPrefix (C:\\Users\\gayat\\SLSBP\\backend\\node_modules\\router\\index.js:342:13)\n    at C:\\Users\\gayat\\SLSBP\\backend\\node_modules\\router\\index.js:297:9\n    at processParams (C:\\Users\\gayat\\SLSBP\\backend\\node_modules\\router\\index.js:582:12)\n    at next (C:\\Users\\gayat\\SLSBP\\backend\\node_modules\\router\\index.js:291:5)\n    at Function.handle (C:\\Users\\gayat\\SLSBP\\backend\\node_modules\\router\\index.js:186:3)\n    at router (C:\\Users\\gayat\\SLSBP\\backend\\node_modules\\router\\index.js:60:12)","statusCode":401}
[32mhttp[39m: ::1 - - [24/Mar/2026:19:05:09 +0000] "POST /api/v1/providers/me/services HTTP/1.1" 401 94 "-" "PostmanRuntime/7.51.0" {"service":"booking-platform-api"}
[32minfo[39m: [AUTH] User logged in {"role":"provider","service":"booking-platform-api","userId":2}
[32mhttp[39m: ::1 - - [24/Mar/2026:19:08:40 +0000] "POST /api/v1/auth/login HTTP/1.1" 200 601 "-" "PostmanRuntime/7.51.0" {"service":"booking-platform-api"}
[32minfo[39m: [AUTH] User logged in {"role":"provider","service":"booking-platform-api","userId":2}
[32mhttp[39m: ::1 - - [24/Mar/2026:19:10:08 +0000] "POST /api/v1/auth/login HTTP/1.1" 200 601 "-" "PostmanRuntime/7.51.0" {"service":"booking-platform-api"}
[32mhttp[39m: ::1 - - [24/Mar/2026:19:10:48 +0000] "POST /api/v1/providers/me/services HTTP/1.1" 200 209 "-" "PostmanRuntime/7.51.0" {"service":"booking-platform-api"}
[32mhttp[39m: ::1 - - [24/Mar/2026:19:12:35 +0000] "POST /api/v1/availability/templates HTTP/1.1" 201 133 "-" "PostmanRuntime/7.51.0" {"service":"booking-platform-api"}
[32minfo[39m: [DB] Connection pool established successfully {"database":"booking_platform","host":"localhost","poolMax":10,"service":"booking-platform-api"}
[32minfo[39m: [DB] Connection pool established successfully {"database":"booking_platform","host":"localhost","poolMax":10,"service":"booking-platform-api"}
[32minfo[39m: [SERVER] Running on port 3001 in development mode {"service":"booking-platform-api"}
[32minfo[39m: [SERVER] SIGINT received, starting graceful shutdown {"service":"booking-platform-api"}
[32minfo[39m: [DB] Connection pool established successfully {"database":"booking_platform","host":"localhost","poolMax":10,"service":"booking-platform-api"}
[32minfo[39m: [SLOT_GEN] Starting slot generation job {"daysAhead":30,"service":"booking-platform-api"}
[32minfo[39m: [SLOT_GEN] Processing 1 active providers {"service":"booking-platform-api"}
[32minfo[39m: [SLOT_GEN] Job complete {"durationMs":44,"errors":0,"service":"booking-platform-api","totalGenerated":32,"totalProviders":1}
[32minfo[39m: [DB] Connection pool established successfully {"database":"booking_platform","host":"localhost","poolMax":10,"service":"booking-platform-api"}
[32minfo[39m: [DB] Connection pool established successfully {"database":"booking_platform","host":"localhost","poolMax":10,"service":"booking-platform-api"}
[32minfo[39m: [SERVER] Running on port 3001 in development mode {"service":"booking-platform-api"}
[32mhttp[39m: ::1 - - [24/Mar/2026:19:18:55 +0000] "POST /api/v1/availability/providers/2/slots?date=2026-03-25 HTTP/1.1" 404 131 "-" "PostmanRuntime/7.51.0" {"service":"booking-platform-api"}
[32minfo[39m: [SERVER] SIGINT received, starting graceful shutdown {"service":"booking-platform-api"}
[32minfo[39m: [DB] Connection pool established successfully {"database":"booking_platform","host":"localhost","poolMax":10,"service":"booking-platform-api"}
[32minfo[39m: [SLOT_GEN] Starting slot generation job {"daysAhead":30,"service":"booking-platform-api"}
[32minfo[39m: [SLOT_GEN] Processing 1 active providers {"service":"booking-platform-api"}
[32minfo[39m: [SLOT_GEN] Job complete {"durationMs":36,"errors":0,"service":"booking-platform-api","totalGenerated":0,"totalProviders":1}
[32minfo[39m: [DB] Connection pool established successfully {"database":"booking_platform","host":"localhost","poolMax":10,"service":"booking-platform-api"}
[32minfo[39m: [DB] Connection pool established successfully {"database":"booking_platform","host":"localhost","poolMax":10,"service":"booking-platform-api"}
[32minfo[39m: [SERVER] Running on port 3001 in development mode {"service":"booking-platform-api"}
[32mhttp[39m: ::1 - - [24/Mar/2026:19:22:41 +0000] "GET /api/v1/availability/providers/2/slots?date=2026-03-25 HTTP/1.1" 200 26 "-" "PostmanRuntime/7.51.0" {"service":"booking-platform-api"}
[32mhttp[39m: ::1 - - [24/Mar/2026:19:24:35 +0000] "GET /api/v/auth/login HTTP/1.1" 404 93 "-" "PostmanRuntime/7.51.0" {"service":"booking-platform-api"}
[32mhttp[39m: ::1 - - [24/Mar/2026:19:24:48 +0000] "GET /api/v1/auth/login HTTP/1.1" 404 94 "-" "PostmanRuntime/7.51.0" {"service":"booking-platform-api"}
[32mhttp[39m: ::1 - - [24/Mar/2026:19:26:07 +0000] "GET /api/v1/auth/login HTTP/1.1" 404 94 "-" "PostmanRuntime/7.51.0" {"service":"booking-platform-api"}
[32mhttp[39m: ::1 - - [24/Mar/2026:19:26:29 +0000] "GET /api/v1/auth/login HTTP/1.1" 404 94 "-" "PostmanRuntime/7.51.0" {"service":"booking-platform-api"}
[32minfo[39m: [DB] Connection pool established successfully {"database":"booking_platform","host":"localhost","poolMax":10,"service":"booking-platform-api"}
[32minfo[39m: [SLOT_GEN] Starting slot generation job {"daysAhead":30,"service":"booking-platform-api"}
[32minfo[39m: [SLOT_GEN] Processing 1 active providers {"service":"booking-platform-api"}
[32minfo[39m: [SLOT_GEN] Job complete {"durationMs":12,"errors":0,"service":"booking-platform-api","totalGenerated":0,"totalProviders":1}
[32minfo[39m: [DB] Connection pool established successfully {"database":"booking_platform","host":"localhost","poolMax":10,"service":"booking-platform-api"}
[32minfo[39m: [DB] Connection pool established successfully {"database":"booking_platform","host":"localhost","poolMax":10,"service":"booking-platform-api"}
[32minfo[39m: [SERVER] Running on port 3001 in development mode {"service":"booking-platform-api"}
[32mhttp[39m: ::1 - - [25/Mar/2026:14:53:01 +0000] "GET /api/v1/auth/login HTTP/1.1" 404 94 "-" "PostmanRuntime/7.51.1" {"service":"booking-platform-api"}
[31merror[39m: Invalid email or password {"code":"UNAUTHORIZED","isOperational":true,"request":{"ip":"::1","method":"POST","url":"/api/v1/auth/login"},"service":"booking-platform-api","stack":"Error: Invalid email or password\n    at AppError.unauthorized (file:///C:/Users/gayat/SLSBP/backend/src/utils/AppError.js:49:3)\n    at Object.login (file:///C:/Users/gayat/SLSBP/backend/src/modules/auth/auth.service.js:77:40)\n    at process.processTicksAndRejections (node:internal/process/task_queues:105:5)\n    at async file:///C:/Users/gayat/SLSBP/backend/src/modules/auth/auth.controller.js:12:18","statusCode":401}
[32mhttp[39m: ::1 - - [25/Mar/2026:14:53:11 +0000] "POST /api/v1/auth/login HTTP/1.1" 401 87 "-" "PostmanRuntime/7.51.1" {"service":"booking-platform-api"}
[32minfo[39m: [AUTH] User logged in {"role":"customer","service":"booking-platform-api","userId":1}
[32mhttp[39m: ::1 - - [25/Mar/2026:14:55:37 +0000] "POST /api/v1/auth/login HTTP/1.1" 200 599 "-" "PostmanRuntime/7.51.1" {"service":"booking-platform-api"}
[32minfo[39m: [BOOKING] Booking created successfully {"bookingId":1,"customerId":1,"providerId":2,"service":"booking-platform-api","timeSlotId":1,"totalAmount":500}
[32mhttp[39m: ::1 - - [25/Mar/2026:14:57:22 +0000] "POST /api/v1/bookings HTTP/1.1" 201 82 "-" "PostmanRuntime/7.51.1" {"service":"booking-platform-api"}
[31merror[39m: This time slot is not available for booking {"code":"SLOT_UNAVAILABLE","isOperational":true,"request":{"ip":"::1","method":"POST","url":"/api/v1/bookings","userId":1},"service":"booking-platform-api","stack":"Error: This time slot is not available for booking\n    at file:///C:/Users/gayat/SLSBP/backend/src/modules/bookings/booking.service.js:59:13\n    at process.processTicksAndRejections (node:internal/process/task_queues:105:5)\n    at async withTransaction (file:///C:/Users/gayat/SLSBP/backend/src/config/db.js:95:22)\n    at async Object.createBooking (file:///C:/Users/gayat/SLSBP/backend/src/modules/bookings/booking.service.js:48:18)\n    at async file:///C:/Users/gayat/SLSBP/backend/src/modules/bookings/booking.controller.js:10:18","statusCode":409}
[32mhttp[39m: ::1 - - [25/Mar/2026:14:59:01 +0000] "POST /api/v1/bookings HTTP/1.1" 409 109 "-" "PostmanRuntime/7.51.1" {"service":"booking-platform-api"}
[32minfo[39m: [BOOKING] Booking created successfully {"bookingId":2,"customerId":1,"providerId":2,"service":"booking-platform-api","timeSlotId":2,"totalAmount":500}
[32mhttp[39m: ::1 - - [25/Mar/2026:14:59:41 +0000] "POST /api/v1/bookings HTTP/1.1" 201 82 "-" "PostmanRuntime/7.51.1" {"service":"booking-platform-api"}
[31merror[39m: This time slot is not available for booking {"code":"SLOT_UNAVAILABLE","isOperational":true,"request":{"ip":"::1","method":"POST","url":"/api/v1/bookings","userId":1},"service":"booking-platform-api","stack":"Error: This time slot is not available for booking\n    at file:///C:/Users/gayat/SLSBP/backend/src/modules/bookings/booking.service.js:59:13\n    at process.processTicksAndRejections (node:internal/process/task_queues:105:5)\n    at async withTransaction (file:///C:/Users/gayat/SLSBP/backend/src/config/db.js:95:22)\n    at async Object.createBooking (file:///C:/Users/gayat/SLSBP/backend/src/modules/bookings/booking.service.js:48:18)\n    at async file:///C:/Users/gayat/SLSBP/backend/src/modules/bookings/booking.controller.js:10:18","statusCode":409}
[32mhttp[39m: ::1 - - [25/Mar/2026:14:59:45 +0000] "POST /api/v1/bookings HTTP/1.1" 409 109 "-" "PostmanRuntime/7.51.1" {"service":"booking-platform-api"}
[31merror[39m: You can only review a completed booking {"code":"BOOKING_NOT_COMPLETED","isOperational":true,"request":{"ip":"::1","method":"POST","url":"/api/v1/reviews","userId":1},"service":"booking-platform-api","stack":"Error: You can only review a completed booking\n    at Object.createReview (file:///C:/Users/gayat/SLSBP/backend/src/modules/reviews/review.service.js:22:11)\n    at process.processTicksAndRejections (node:internal/process/task_queues:105:5)\n    at async file:///C:/Users/gayat/SLSBP/backend/src/modules/reviews/review.controller.js:7:16","statusCode":422}
[32mhttp[39m: ::1 - - [25/Mar/2026:15:00:55 +0000] "POST /api/v1/reviews HTTP/1.1" 422 110 "-" "PostmanRuntime/7.51.1" {"service":"booking-platform-api"}
[32minfo[39m: [DB] Connection pool established successfully {"database":"booking_platform","host":"localhost","poolMax":10,"service":"booking-platform-api"}
[32minfo[39m: [DB] Connection pool established successfully {"database":"booking_platform","host":"localhost","poolMax":10,"service":"booking-platform-api"}
[32minfo[39m: [SERVER] Running on port 3001 in development mode {"service":"booking-platform-api"}
[32minfo[39m: [DB] Connection pool established successfully {"database":"booking_platform","host":"localhost","poolMax":10,"service":"booking-platform-api"}
[32minfo[39m: [DB] Connection pool established successfully {"database":"booking_platform","host":"localhost","poolMax":10,"service":"booking-platform-api"}
[32minfo[39m: [SERVER] Running on port 3001 in development mode {"service":"booking-platform-api"}
[32minfo[39m: [DB] Connection pool established successfully {"database":"booking_platform","host":"localhost","poolMax":10,"service":"booking-platform-api"}
[32minfo[39m: [DB] Connection pool established successfully {"database":"booking_platform","host":"localhost","poolMax":10,"service":"booking-platform-api"}
[32minfo[39m: [SERVER] Running on port 3001 in development mode {"service":"booking-platform-api"}
[32minfo[39m: [DB] Connection pool established successfully {"database":"booking_platform","host":"localhost","poolMax":10,"service":"booking-platform-api"}
[32minfo[39m: [DB] Connection pool established successfully {"database":"booking_platform","host":"localhost","poolMax":10,"service":"booking-platform-api"}
[32minfo[39m: [SERVER] Running on port 3001 in development mode {"service":"booking-platform-api"}
[32minfo[39m: [DB] Connection pool established successfully {"database":"booking_platform","host":"localhost","poolMax":10,"service":"booking-platform-api"}
[32minfo[39m: [DB] Connection pool established successfully {"database":"booking_platform","host":"localhost","poolMax":10,"service":"booking-platform-api"}
[32minfo[39m: [SERVER] Running on port 3001 in development mode {"service":"booking-platform-api"}
[32mhttp[39m: ::1 - - [27/Mar/2026:16:30:58 +0000] "GET /api/v1/auth/register HTTP/1.1" 404 97 "-" "Mozilla/5.0 (Windows NT 10.0; Win64; x64) AppleWebKit/537.36 (KHTML, like Gecko) Chrome/146.0.0.0 Safari/537.36" {"service":"booking-platform-api"}
[32mhttp[39m: ::1 - - [27/Mar/2026:16:30:59 +0000] "GET /favicon.ico HTTP/1.1" 404 88 "-" "Mozilla/5.0 (Windows NT 10.0; Win64; x64) AppleWebKit/537.36 (KHTML, like Gecko) Chrome/146.0.0.0 Safari/537.36" {"service":"booking-platform-api"}
[32mhttp[39m: ::1 - - [27/Mar/2026:16:31:55 +0000] "GET /api/v1/auth/register HTTP/1.1" 404 97 "-" "Mozilla/5.0 (Windows NT 10.0; Win64; x64) AppleWebKit/537.36 (KHTML, like Gecko) Chrome/146.0.0.0 Safari/537.36" {"service":"booking-platform-api"}
[32mhttp[39m: ::1 - - [27/Mar/2026:16:31:58 +0000] "GET /api/v1/auth/register HTTP/1.1" 404 97 "-" "Mozilla/5.0 (Windows NT 10.0; Win64; x64) AppleWebKit/537.36 (KHTML, like Gecko) Chrome/146.0.0.0 Safari/537.36" {"service":"booking-platform-api"}
[32mhttp[39m: ::1 - - [27/Mar/2026:16:31:59 +0000] "GET /api/v1/auth/register HTTP/1.1" 404 97 "-" "Mozilla/5.0 (Windows NT 10.0; Win64; x64) AppleWebKit/537.36 (KHTML, like Gecko) Chrome/146.0.0.0 Safari/537.36" {"service":"booking-platform-api"}
[32mhttp[39m: ::1 - - [27/Mar/2026:16:32:02 +0000] "GET /api/v1/auth/register HTTP/1.1" 404 97 "-" "Mozilla/5.0 (Windows NT 10.0; Win64; x64) AppleWebKit/537.36 (KHTML, like Gecko) Chrome/146.0.0.0 Safari/537.36" {"service":"booking-platform-api"}
[32mhttp[39m: ::1 - - [27/Mar/2026:16:32:07 +0000] "GET /api/v1/auth/register HTTP/1.1" 404 97 "-" "Mozilla/5.0 (Windows NT 10.0; Win64; x64) AppleWebKit/537.36 (KHTML, like Gecko) Chrome/146.0.0.0 Safari/537.36" {"service":"booking-platform-api"}
[32minfo[39m: [DB] Connection pool established successfully {"database":"booking_platform","host":"localhost","poolMax":10,"service":"booking-platform-api"}
[32minfo[39m: [DB] Connection pool established successfully {"database":"booking_platform","host":"localhost","poolMax":10,"service":"booking-platform-api"}
[32minfo[39m: [SERVER] Running on port 3001 in development mode {"service":"booking-platform-api"}
[32minfo[39m: [AUTH] New user registered {"city":"Pune","role":"customer","service":"booking-platform-api","userId":3}
[32mhttp[39m: ::1 - - [28/Mar/2026:14:50:01 +0000] "POST /api/v1/auth/register HTTP/1.1" 201 687 "http://localhost:3000/" "Mozilla/5.0 (Windows NT 10.0; Win64; x64) AppleWebKit/537.36 (KHTML, like Gecko) Chrome/146.0.0.0 Safari/537.36" {"service":"booking-platform-api"}
[31merror[39m: An account with this email already exists {"code":"EMAIL_TAKEN","isOperational":true,"request":{"ip":"::1","method":"POST","url":"/api/v1/auth/register"},"service":"booking-platform-api","stack":"Error: An account with this email already exists\n    at AppError.conflict (file:///C:/Users/gayat/SLSBP/backend/src/utils/AppError.js:60:3)\n    at Object.register (file:///C:/Users/gayat/SLSBP/backend/src/modules/auth/auth.service.js:40:20)\n    at process.processTicksAndRejections (node:internal/process/task_queues:105:5)\n    at async file:///C:/Users/gayat/SLSBP/backend/src/modules/auth/auth.controller.js:7:18","statusCode":409}
[32mhttp[39m: ::1 - - [28/Mar/2026:14:52:23 +0000] "POST /api/v1/auth/register HTTP/1.1" 409 102 "http://localhost:3000/" "Mozilla/5.0 (Windows NT 10.0; Win64; x64) AppleWebKit/537.36 (KHTML, like Gecko) Chrome/146.0.0.0 Safari/537.36" {"service":"booking-platform-api"}
[31merror[39m: An account with this email already exists {"code":"EMAIL_TAKEN","isOperational":true,"request":{"ip":"::1","method":"POST","url":"/api/v1/auth/register"},"service":"booking-platform-api","stack":"Error: An account with this email already exists\n    at AppError.conflict (file:///C:/Users/gayat/SLSBP/backend/src/utils/AppError.js:60:3)\n    at Object.register (file:///C:/Users/gayat/SLSBP/backend/src/modules/auth/auth.service.js:40:20)\n    at process.processTicksAndRejections (node:internal/process/task_queues:105:5)\n    at async file:///C:/Users/gayat/SLSBP/backend/src/modules/auth/auth.controller.js:7:18","statusCode":409}
[32mhttp[39m: ::1 - - [28/Mar/2026:14:53:00 +0000] "POST /api/v1/auth/register HTTP/1.1" 409 102 "http://localhost:3000/" "Mozilla/5.0 (Windows NT 10.0; Win64; x64) AppleWebKit/537.36 (KHTML, like Gecko) Chrome/146.0.0.0 Safari/537.36" {"service":"booking-platform-api"}
[32minfo[39m: [AUTH] User logged in {"role":"customer","service":"booking-platform-api","userId":3}
[32mhttp[39m: ::1 - - [28/Mar/2026:14:53:16 +0000] "POST /api/v1/auth/login HTTP/1.1" 200 607 "http://localhost:3000/" "Mozilla/5.0 (Windows NT 10.0; Win64; x64) AppleWebKit/537.36 (KHTML, like Gecko) Chrome/146.0.0.0 Safari/537.36" {"service":"booking-platform-api"}
[32minfo[39m: [AUTH] User logged in {"role":"customer","service":"booking-platform-api","userId":3}
[32mhttp[39m: ::1 - - [28/Mar/2026:14:57:25 +0000] "POST /api/v1/auth/login HTTP/1.1" 200 607 "http://localhost:3000/" "Mozilla/5.0 (Windows NT 10.0; Win64; x64) AppleWebKit/537.36 (KHTML, like Gecko) Chrome/146.0.0.0 Safari/537.36" {"service":"booking-platform-api"}
[32minfo[39m: [DB] Connection pool established successfully {"database":"booking_platform","host":"localhost","poolMax":10,"service":"booking-platform-api"}
[32minfo[39m: [DB] Connection pool established successfully {"database":"booking_platform","host":"localhost","poolMax":10,"service":"booking-platform-api"}
[32minfo[39m: [SERVER] Running on port 3001 in development mode {"service":"booking-platform-api"}
[32minfo[39m: [DB] Connection pool established successfully {"database":"booking_platform","host":"localhost","poolMax":10,"service":"booking-platform-api"}
[32minfo[39m: [DB] Connection pool established successfully {"database":"booking_platform","host":"localhost","poolMax":10,"service":"booking-platform-api"}
[32minfo[39m: [SERVER] Running on port 3001 in development mode {"service":"booking-platform-api"}
[32mhttp[39m: ::1 - - [31/Mar/2026:13:53:44 +0000] "GET / HTTP/1.1" 404 77 "-" "Mozilla/5.0 (Windows NT 10.0; Win64; x64) AppleWebKit/537.36 (KHTML, like Gecko) Chrome/146.0.0.0 Safari/537.36" {"service":"booking-platform-api"}
[32mhttp[39m: ::1 - - [31/Mar/2026:13:53:44 +0000] "GET /favicon.ico HTTP/1.1" 404 88 "-" "Mozilla/5.0 (Windows NT 10.0; Win64; x64) AppleWebKit/537.36 (KHTML, like Gecko) Chrome/146.0.0.0 Safari/537.36" {"service":"booking-platform-api"}
[32minfo[39m: [DB] Connection pool established successfully {"database":"booking_platform","host":"localhost","poolMax":10,"service":"booking-platform-api"}
[32minfo[39m: [DB] Connection pool established successfully {"database":"booking_platform","host":"localhost","poolMax":10,"service":"booking-platform-api"}
[32minfo[39m: [SERVER] Running on port 3001 in development mode {"service":"booking-platform-api"}
[32minfo[39m: [DB] Connection pool established successfully {"database":"booking_platform","host":"localhost","poolMax":10,"service":"booking-platform-api"}
[32minfo[39m: [DB] Connection pool established successfully {"database":"booking_platform","host":"localhost","poolMax":10,"service":"booking-platform-api"}
[32minfo[39m: [SERVER] Running on port 3001 in development mode {"service":"booking-platform-api"}
[32minfo[39m: [DB] Connection pool established successfully {"database":"booking_platform","host":"localhost","poolMax":10,"service":"booking-platform-api"}
[32minfo[39m: [DB] Connection pool established successfully {"database":"booking_platform","host":"localhost","poolMax":10,"service":"booking-platform-api"}
[32minfo[39m: [SERVER] Running on port 3001 in development mode {"service":"booking-platform-api"}
[32minfo[39m: [DB] Connection pool established successfully {"database":"booking_platform","host":"localhost","poolMax":10,"service":"booking-platform-api"}
[32minfo[39m: [DB] Connection pool established successfully {"database":"booking_platform","host":"localhost","poolMax":10,"service":"booking-platform-api"}
[32minfo[39m: [SERVER] Running on port 3001 in development mode {"service":"booking-platform-api"}
[32minfo[39m: [DB] Connection pool established successfully {"database":"booking_platform","host":"localhost","poolMax":10,"service":"booking-platform-api"}
[32minfo[39m: [DB] Connection pool established successfully {"database":"booking_platform","host":"localhost","poolMax":10,"service":"booking-platform-api"}
[32minfo[39m: [SERVER] Running on port 3001 in development mode {"service":"booking-platform-api"}
[31merror[39m: [DB] Failed to establish connection pool {"error":"connect ECONNREFUSED ::1:3306","service":"booking-platform-api"}
[31merror[39m: [DB] Failed to establish connection pool {"error":"connect ECONNREFUSED ::1:3306","service":"booking-platform-api"}
[31merror[39m: [DB] Failed to establish connection pool {"error":"connect ECONNREFUSED ::1:3306","service":"booking-platform-api"}
[32minfo[39m: [DB] Connection pool established successfully {"database":"booking_platform","host":"127.0.0.1","poolMax":10,"service":"booking-platform-api"}
[32minfo[39m: [DB] Connection pool established successfully {"database":"booking_platform","host":"127.0.0.1","poolMax":10,"service":"booking-platform-api"}
[32minfo[39m: [SERVER] Running on port 3001 in development mode {"service":"booking-platform-api"}
[32minfo[39m: [DB] Connection pool established successfully {"database":"booking_platform","host":"127.0.0.1","poolMax":10,"service":"booking-platform-api"}
[32minfo[39m: [DB] Connection pool established successfully {"database":"booking_platform","host":"127.0.0.1","poolMax":10,"service":"booking-platform-api"}
[32minfo[39m: [SERVER] Running on port 3001 in development mode {"service":"booking-platform-api"}
[32minfo[39m: [DB] Connection pool established successfully {"database":"booking_platform","host":"127.0.0.1","poolMax":10,"service":"booking-platform-api"}
[32minfo[39m: [DB] Connection pool established successfully {"database":"booking_platform","host":"127.0.0.1","poolMax":10,"service":"booking-platform-api"}
[32minfo[39m: [SERVER] Running on port 3001 in development mode {"service":"booking-platform-api"}
[32mhttp[39m: ::1 - - [18/Apr/2026:10:09:24 +0000] "GET / HTTP/1.1" 404 77 "-" "Mozilla/5.0 (Windows NT 10.0; Win64; x64) AppleWebKit/537.36 (KHTML, like Gecko) Chrome/147.0.0.0 Safari/537.36" {"service":"booking-platform-api"}
[32mhttp[39m: ::1 - - [18/Apr/2026:10:09:24 +0000] "GET /favicon.ico HTTP/1.1" 404 88 "-" "Mozilla/5.0 (Windows NT 10.0; Win64; x64) AppleWebKit/537.36 (KHTML, like Gecko) Chrome/147.0.0.0 Safari/537.36" {"service":"booking-platform-api"}
[31merror[39m: [
  {
    "expected": "string",
    "code": "invalid_type",
    "path": [
      "body",
      "phone"
    ],
    "message": "Invalid input: expected string, received undefined"
  },
  {
    "origin": "string",
    "code": "invalid_format",
    "format": "regex",
    "pattern": "/[A-Z]/",
    "path": [
      "body",
      "password"
    ],
    "message": "Password must contain at least one uppercase letter"
  },
  {
    "expected": "string",
    "code": "invalid_type",
    "path": [
      "body",
      "full_name"
    ],
    "message": "Invalid input: expected string, received undefined"
  },
  {
    "expected": "string",
    "code": "invalid_type",
    "path": [
      "body",
      "city"
    ],
    "message": "Invalid input: expected string, received undefined"
  }
] {"request":{"ip":"::1","method":"POST","url":"/api/v1/auth/register"},"service":"booking-platform-api","stack":"ZodError: [\n  {\n    \"expected\": \"string\",\n    \"code\": \"invalid_type\",\n    \"path\": [\n      \"body\",\n      \"phone\"\n    ],\n    \"message\": \"Invalid input: expected string, received undefined\"\n  },\n  {\n    \"origin\": \"string\",\n    \"code\": \"invalid_format\",\n    \"format\": \"regex\",\n    \"pattern\": \"/[A-Z]/\",\n    \"path\": [\n      \"body\",\n      \"password\"\n    ],\n    \"message\": \"Password must contain at least one uppercase letter\"\n  },\n  {\n    \"expected\": \"string\",\n    \"code\": \"invalid_type\",\n    \"path\": [\n      \"body\",\n      \"full_name\"\n    ],\n    \"message\": \"Invalid input: expected string, received undefined\"\n  },\n  {\n    \"expected\": \"string\",\n    \"code\": \"invalid_type\",\n    \"path\": [\n      \"body\",\n      \"city\"\n    ],\n    \"message\": \"Invalid input: expected string, received undefined\"\n  }\n]\n    at file:///C:/Users/gayat/Downloads/SLSBP/backend/src/middleware/validate.js:6:29\n    at Layer.handleRequest (C:\\Users\\gayat\\Downloads\\SLSBP\\backend\\node_modules\\router\\lib\\layer.js:152:17)\n    at next (C:\\Users\\gayat\\Downloads\\SLSBP\\backend\\node_modules\\router\\lib\\route.js:157:13)\n    at Route.dispatch (C:\\Users\\gayat\\Downloads\\SLSBP\\backend\\node_modules\\router\\lib\\route.js:117:3)\n    at handle (C:\\Users\\gayat\\Downloads\\SLSBP\\backend\\node_modules\\router\\index.js:435:11)\n    at Layer.handleRequest (C:\\Users\\gayat\\Downloads\\SLSBP\\backend\\node_modules\\router\\lib\\layer.js:152:17)\n    at C:\\Users\\gayat\\Downloads\\SLSBP\\backend\\node_modules\\router\\index.js:295:15\n    at processParams (C:\\Users\\gayat\\Downloads\\SLSBP\\backend\\node_modules\\router\\index.js:582:12)\n    at next (C:\\Users\\gayat\\Downloads\\SLSBP\\backend\\node_modules\\router\\index.js:291:5)\n    at Function.handle (C:\\Users\\gayat\\Downloads\\SLSBP\\backend\\node_modules\\router\\index.js:186:3)"}
[32mhttp[39m: ::1 - - [18/Apr/2026:10:11:01 +0000] "POST /api/v1/auth/register HTTP/1.1" 422 449 "-" "PostmanRuntime/7.51.1" {"service":"booking-platform-api"}
[31merror[39m: [
  {
    "expected": "string",
    "code": "invalid_type",
    "path": [
      "body",
      "phone"
    ],
    "message": "Invalid input: expected string, received undefined"
  },
  {
    "origin": "string",
    "code": "invalid_format",
    "format": "regex",
    "pattern": "/[A-Z]/",
    "path": [
      "body",
      "password"
    ],
    "message": "Password must contain at least one uppercase letter"
  },
  {
    "expected": "string",
    "code": "invalid_type",
    "path": [
      "body",
      "full_name"
    ],
    "message": "Invalid input: expected string, received undefined"
  },
  {
    "expected": "string",
    "code": "invalid_type",
    "path": [
      "body",
      "city"
    ],
    "message": "Invalid input: expected string, received undefined"
  }
] {"request":{"ip":"::1","method":"POST","url":"/api/v1/auth/register"},"service":"booking-platform-api","stack":"ZodError: [\n  {\n    \"expected\": \"string\",\n    \"code\": \"invalid_type\",\n    \"path\": [\n      \"body\",\n      \"phone\"\n    ],\n    \"message\": \"Invalid input: expected string, received undefined\"\n  },\n  {\n    \"origin\": \"string\",\n    \"code\": \"invalid_format\",\n    \"format\": \"regex\",\n    \"pattern\": \"/[A-Z]/\",\n    \"path\": [\n      \"body\",\n      \"password\"\n    ],\n    \"message\": \"Password must contain at least one uppercase letter\"\n  },\n  {\n    \"expected\": \"string\",\n    \"code\": \"invalid_type\",\n    \"path\": [\n      \"body\",\n      \"full_name\"\n    ],\n    \"message\": \"Invalid input: expected string, received undefined\"\n  },\n  {\n    \"expected\": \"string\",\n    \"code\": \"invalid_type\",\n    \"path\": [\n      \"body\",\n      \"city\"\n    ],\n    \"message\": \"Invalid input: expected string, received undefined\"\n  }\n]\n    at file:///C:/Users/gayat/Downloads/SLSBP/backend/src/middleware/validate.js:6:29\n    at Layer.handleRequest (C:\\Users\\gayat\\Downloads\\SLSBP\\backend\\node_modules\\router\\lib\\layer.js:152:17)\n    at next (C:\\Users\\gayat\\Downloads\\SLSBP\\backend\\node_modules\\router\\lib\\route.js:157:13)\n    at Route.dispatch (C:\\Users\\gayat\\Downloads\\SLSBP\\backend\\node_modules\\router\\lib\\route.js:117:3)\n    at handle (C:\\Users\\gayat\\Downloads\\SLSBP\\backend\\node_modules\\router\\index.js:435:11)\n    at Layer.handleRequest (C:\\Users\\gayat\\Downloads\\SLSBP\\backend\\node_modules\\router\\lib\\layer.js:152:17)\n    at C:\\Users\\gayat\\Downloads\\SLSBP\\backend\\node_modules\\router\\index.js:295:15\n    at processParams (C:\\Users\\gayat\\Downloads\\SLSBP\\backend\\node_modules\\router\\index.js:582:12)\n    at next (C:\\Users\\gayat\\Downloads\\SLSBP\\backend\\node_modules\\router\\index.js:291:5)\n    at Function.handle (C:\\Users\\gayat\\Downloads\\SLSBP\\backend\\node_modules\\router\\index.js:186:3)"}
[32mhttp[39m: ::1 - - [18/Apr/2026:10:11:06 +0000] "POST /api/v1/auth/register HTTP/1.1" 422 449 "-" "PostmanRuntime/7.51.1" {"service":"booking-platform-api"}
[31merror[39m: [
  {
    "expected": "string",
    "code": "invalid_type",
    "path": [
      "body",
      "phone"
    ],
    "message": "Invalid input: expected string, received undefined"
  },
  {
    "origin": "string",
    "code": "invalid_format",
    "format": "regex",
    "pattern": "/[A-Z]/",
    "path": [
      "body",
      "password"
    ],
    "message": "Password must contain at least one uppercase letter"
  },
  {
    "expected": "string",
    "code": "invalid_type",
    "path": [
      "body",
      "full_name"
    ],
    "message": "Invalid input: expected string, received undefined"
  },
  {
    "expected": "string",
    "code": "invalid_type",
    "path": [
      "body",
      "city"
    ],
    "message": "Invalid input: expected string, received undefined"
  }
] {"request":{"ip":"::1","method":"POST","url":"/api/v1/auth/register"},"service":"booking-platform-api","stack":"ZodError: [\n  {\n    \"expected\": \"string\",\n    \"code\": \"invalid_type\",\n    \"path\": [\n      \"body\",\n      \"phone\"\n    ],\n    \"message\": \"Invalid input: expected string, received undefined\"\n  },\n  {\n    \"origin\": \"string\",\n    \"code\": \"invalid_format\",\n    \"format\": \"regex\",\n    \"pattern\": \"/[A-Z]/\",\n    \"path\": [\n      \"body\",\n      \"password\"\n    ],\n    \"message\": \"Password must contain at least one uppercase letter\"\n  },\n  {\n    \"expected\": \"string\",\n    \"code\": \"invalid_type\",\n    \"path\": [\n      \"body\",\n      \"full_name\"\n    ],\n    \"message\": \"Invalid input: expected string, received undefined\"\n  },\n  {\n    \"expected\": \"string\",\n    \"code\": \"invalid_type\",\n    \"path\": [\n      \"body\",\n      \"city\"\n    ],\n    \"message\": \"Invalid input: expected string, received undefined\"\n  }\n]\n    at file:///C:/Users/gayat/Downloads/SLSBP/backend/src/middleware/validate.js:6:29\n    at Layer.handleRequest (C:\\Users\\gayat\\Downloads\\SLSBP\\backend\\node_modules\\router\\lib\\layer.js:152:17)\n    at next (C:\\Users\\gayat\\Downloads\\SLSBP\\backend\\node_modules\\router\\lib\\route.js:157:13)\n    at Route.dispatch (C:\\Users\\gayat\\Downloads\\SLSBP\\backend\\node_modules\\router\\lib\\route.js:117:3)\n    at handle (C:\\Users\\gayat\\Downloads\\SLSBP\\backend\\node_modules\\router\\index.js:435:11)\n    at Layer.handleRequest (C:\\Users\\gayat\\Downloads\\SLSBP\\backend\\node_modules\\router\\lib\\layer.js:152:17)\n    at C:\\Users\\gayat\\Downloads\\SLSBP\\backend\\node_modules\\router\\index.js:295:15\n    at processParams (C:\\Users\\gayat\\Downloads\\SLSBP\\backend\\node_modules\\router\\index.js:582:12)\n    at next (C:\\Users\\gayat\\Downloads\\SLSBP\\backend\\node_modules\\router\\index.js:291:5)\n    at Function.handle (C:\\Users\\gayat\\Downloads\\SLSBP\\backend\\node_modules\\router\\index.js:186:3)"}
[32mhttp[39m: ::1 - - [18/Apr/2026:10:11:52 +0000] "POST /api/v1/auth/register HTTP/1.1" 422 449 "-" "PostmanRuntime/7.51.1" {"service":"booking-platform-api"}
[31merror[39m: [
  {
    "expected": "string",
    "code": "invalid_type",
    "path": [
      "body",
      "phone"
    ],
    "message": "Invalid input: expected string, received undefined"
  },
  {
    "origin": "string",
    "code": "invalid_format",
    "format": "regex",
    "pattern": "/[A-Z]/",
    "path": [
      "body",
      "password"
    ],
    "message": "Password must contain at least one uppercase letter"
  },
  {
    "expected": "string",
    "code": "invalid_type",
    "path": [
      "body",
      "full_name"
    ],
    "message": "Invalid input: expected string, received undefined"
  },
  {
    "expected": "string",
    "code": "invalid_type",
    "path": [
      "body",
      "city"
    ],
    "message": "Invalid input: expected string, received undefined"
  }
] {"request":{"ip":"::1","method":"POST","url":"/api/v1/auth/register"},"service":"booking-platform-api","stack":"ZodError: [\n  {\n    \"expected\": \"string\",\n    \"code\": \"invalid_type\",\n    \"path\": [\n      \"body\",\n      \"phone\"\n    ],\n    \"message\": \"Invalid input: expected string, received undefined\"\n  },\n  {\n    \"origin\": \"string\",\n    \"code\": \"invalid_format\",\n    \"format\": \"regex\",\n    \"pattern\": \"/[A-Z]/\",\n    \"path\": [\n      \"body\",\n      \"password\"\n    ],\n    \"message\": \"Password must contain at least one uppercase letter\"\n  },\n  {\n    \"expected\": \"string\",\n    \"code\": \"invalid_type\",\n    \"path\": [\n      \"body\",\n      \"full_name\"\n    ],\n    \"message\": \"Invalid input: expected string, received undefined\"\n  },\n  {\n    \"expected\": \"string\",\n    \"code\": \"invalid_type\",\n    \"path\": [\n      \"body\",\n      \"city\"\n    ],\n    \"message\": \"Invalid input: expected string, received undefined\"\n  }\n]\n    at file:///C:/Users/gayat/Downloads/SLSBP/backend/src/middleware/validate.js:6:29\n    at Layer.handleRequest (C:\\Users\\gayat\\Downloads\\SLSBP\\backend\\node_modules\\router\\lib\\layer.js:152:17)\n    at next (C:\\Users\\gayat\\Downloads\\SLSBP\\backend\\node_modules\\router\\lib\\route.js:157:13)\n    at Route.dispatch (C:\\Users\\gayat\\Downloads\\SLSBP\\backend\\node_modules\\router\\lib\\route.js:117:3)\n    at handle (C:\\Users\\gayat\\Downloads\\SLSBP\\backend\\node_modules\\router\\index.js:435:11)\n    at Layer.handleRequest (C:\\Users\\gayat\\Downloads\\SLSBP\\backend\\node_modules\\router\\lib\\layer.js:152:17)\n    at C:\\Users\\gayat\\Downloads\\SLSBP\\backend\\node_modules\\router\\index.js:295:15\n    at processParams (C:\\Users\\gayat\\Downloads\\SLSBP\\backend\\node_modules\\router\\index.js:582:12)\n    at next (C:\\Users\\gayat\\Downloads\\SLSBP\\backend\\node_modules\\router\\index.js:291:5)\n    at Function.handle (C:\\Users\\gayat\\Downloads\\SLSBP\\backend\\node_modules\\router\\index.js:186:3)"}
[32mhttp[39m: ::1 - - [18/Apr/2026:10:11:56 +0000] "POST /api/v1/auth/register HTTP/1.1" 422 449 "-" "PostmanRuntime/7.51.1" {"service":"booking-platform-api"}
[31merror[39m: [
  {
    "code": "invalid_value",
    "values": [
      "customer",
      "provider"
    ],
    "path": [
      "body",
      "role"
    ],
    "message": "Invalid option: expected one of \"customer\"|\"provider\""
  }
] {"request":{"ip":"::1","method":"POST","url":"/api/v1/auth/register"},"service":"booking-platform-api","stack":"ZodError: [\n  {\n    \"code\": \"invalid_value\",\n    \"values\": [\n      \"customer\",\n      \"provider\"\n    ],\n    \"path\": [\n      \"body\",\n      \"role\"\n    ],\n    \"message\": \"Invalid option: expected one of \\\"customer\\\"|\\\"provider\\\"\"\n  }\n]\n    at file:///C:/Users/gayat/Downloads/SLSBP/backend/src/middleware/validate.js:6:29\n    at Layer.handleRequest (C:\\Users\\gayat\\Downloads\\SLSBP\\backend\\node_modules\\router\\lib\\layer.js:152:17)\n    at next (C:\\Users\\gayat\\Downloads\\SLSBP\\backend\\node_modules\\router\\lib\\route.js:157:13)\n    at Route.dispatch (C:\\Users\\gayat\\Downloads\\SLSBP\\backend\\node_modules\\router\\lib\\route.js:117:3)\n    at handle (C:\\Users\\gayat\\Downloads\\SLSBP\\backend\\node_modules\\router\\index.js:435:11)\n    at Layer.handleRequest (C:\\Users\\gayat\\Downloads\\SLSBP\\backend\\node_modules\\router\\lib\\layer.js:152:17)\n    at C:\\Users\\gayat\\Downloads\\SLSBP\\backend\\node_modules\\router\\index.js:295:15\n    at processParams (C:\\Users\\gayat\\Downloads\\SLSBP\\backend\\node_modules\\router\\index.js:582:12)\n    at next (C:\\Users\\gayat\\Downloads\\SLSBP\\backend\\node_modules\\router\\index.js:291:5)\n    at Function.handle (C:\\Users\\gayat\\Downloads\\SLSBP\\backend\\node_modules\\router\\index.js:186:3)"}
[32mhttp[39m: ::1 - - [18/Apr/2026:10:13:40 +0000] "POST /api/v1/auth/register HTTP/1.1" 422 190 "-" "PostmanRuntime/7.51.1" {"service":"booking-platform-api"}
[32minfo[39m: [AUTH] New user registered {"city":"Pune","role":"customer","service":"booking-platform-api","userId":1}
[32mhttp[39m: ::1 - - [18/Apr/2026:10:14:56 +0000] "POST /api/v1/auth/register HTTP/1.1" 201 679 "-" "PostmanRuntime/7.51.1" {"service":"booking-platform-api"}
[32minfo[39m: [DB] Connection pool established successfully {"database":"booking_platform","host":"127.0.0.1","poolMax":10,"service":"booking-platform-api"}
[32minfo[39m: [DB] Connection pool established successfully {"database":"booking_platform","host":"127.0.0.1","poolMax":10,"service":"booking-platform-api"}
[32minfo[39m: [SERVER] Running on port 3001 in development mode {"service":"booking-platform-api"}
[32minfo[39m: [DB] Connection pool established successfully {"database":"booking_platform","host":"127.0.0.1","poolMax":10,"service":"booking-platform-api"}
[32minfo[39m: [DB] Connection pool established successfully {"database":"booking_platform","host":"127.0.0.1","poolMax":10,"service":"booking-platform-api"}
[32minfo[39m: [SERVER] Running on port 3001 in development mode {"service":"booking-platform-api"}
[32minfo[39m: [DB] Connection pool established successfully {"database":"booking_platform","host":"127.0.0.1","poolMax":10,"service":"booking-platform-api"}
[32minfo[39m: [DB] Connection pool established successfully {"database":"booking_platform","host":"127.0.0.1","poolMax":10,"service":"booking-platform-api"}
[32minfo[39m: [SERVER] Running on port 3001 in development mode {"service":"booking-platform-api"}
[32minfo[39m: [DB] Connection pool established successfully {"database":"booking_platform","host":"127.0.0.1","poolMax":10,"service":"booking-platform-api"}
[32minfo[39m: [DB] Connection pool established successfully {"database":"booking_platform","host":"127.0.0.1","poolMax":10,"service":"booking-platform-api"}
[32minfo[39m: [SERVER] Running on port 3001 in development mode {"service":"booking-platform-api"}
[32minfo[39m: [AUTH] New user registered {"city":"Pune","role":"customer","service":"booking-platform-api","userId":2}
[32mhttp[39m: ::1 - - [19/Apr/2026:17:55:25 +0000] "POST /api/v1/auth/register HTTP/1.1" 201 678 "http://localhost:3000/" "Mozilla/5.0 (Windows NT 10.0; Win64; x64) AppleWebKit/537.36 (KHTML, like Gecko) Chrome/147.0.0.0 Safari/537.36" {"service":"booking-platform-api"}
[31merror[39m: Invalid email or password {"code":"UNAUTHORIZED","isOperational":true,"request":{"ip":"::1","method":"POST","url":"/api/v1/auth/login"},"service":"booking-platform-api","stack":"Error: Invalid email or password\n    at AppError.unauthorized (file:///C:/Users/gayat/Downloads/SLSBP/backend/src/utils/AppError.js:49:3)\n    at Object.login (file:///C:/Users/gayat/Downloads/SLSBP/backend/src/modules/auth/auth.service.js:77:40)\n    at process.processTicksAndRejections (node:internal/process/task_queues:105:5)\n    at async file:///C:/Users/gayat/Downloads/SLSBP/backend/src/modules/auth/auth.controller.js:12:18","statusCode":401}
[32mhttp[39m: ::1 - - [19/Apr/2026:18:01:55 +0000] "POST /api/v1/auth/login HTTP/1.1" 401 87 "http://localhost:3000/" "Mozilla/5.0 (Windows NT 10.0; Win64; x64) AppleWebKit/537.36 (KHTML, like Gecko) Chrome/147.0.0.0 Safari/537.36" {"service":"booking-platform-api"}
[31merror[39m: Invalid email or password {"code":"UNAUTHORIZED","isOperational":true,"request":{"ip":"::1","method":"POST","url":"/api/v1/auth/login"},"service":"booking-platform-api","stack":"Error: Invalid email or password\n    at AppError.unauthorized (file:///C:/Users/gayat/Downloads/SLSBP/backend/src/utils/AppError.js:49:3)\n    at Object.login (file:///C:/Users/gayat/Downloads/SLSBP/backend/src/modules/auth/auth.service.js:77:40)\n    at process.processTicksAndRejections (node:internal/process/task_queues:105:5)\n    at async file:///C:/Users/gayat/Downloads/SLSBP/backend/src/modules/auth/auth.controller.js:12:18","statusCode":401}
[32mhttp[39m: ::1 - - [19/Apr/2026:18:02:07 +0000] "POST /api/v1/auth/login HTTP/1.1" 401 87 "http://localhost:3000/" "Mozilla/5.0 (Windows NT 10.0; Win64; x64) AppleWebKit/537.36 (KHTML, like Gecko) Chrome/147.0.0.0 Safari/537.36" {"service":"booking-platform-api"}
[31merror[39m: Invalid email or password {"code":"UNAUTHORIZED","isOperational":true,"request":{"ip":"::1","method":"POST","url":"/api/v1/auth/login"},"service":"booking-platform-api","stack":"Error: Invalid email or password\n    at AppError.unauthorized (file:///C:/Users/gayat/Downloads/SLSBP/backend/src/utils/AppError.js:49:3)\n    at Object.login (file:///C:/Users/gayat/Downloads/SLSBP/backend/src/modules/auth/auth.service.js:77:40)\n    at process.processTicksAndRejections (node:internal/process/task_queues:105:5)\n    at async file:///C:/Users/gayat/Downloads/SLSBP/backend/src/modules/auth/auth.controller.js:12:18","statusCode":401}
[32mhttp[39m: ::1 - - [19/Apr/2026:18:03:25 +0000] "POST /api/v1/auth/login HTTP/1.1" 401 87 "http://localhost:3000/" "Mozilla/5.0 (Windows NT 10.0; Win64; x64) AppleWebKit/537.36 (KHTML, like Gecko) Chrome/147.0.0.0 Safari/537.36" {"service":"booking-platform-api"}
[32minfo[39m: [AUTH] New user registered {"city":"Pune","role":"customer","service":"booking-platform-api","userId":3}
[32mhttp[39m: ::1 - - [19/Apr/2026:18:04:54 +0000] "POST /api/v1/auth/register HTTP/1.1" 201 687 "http://localhost:3000/" "Mozilla/5.0 (Windows NT 10.0; Win64; x64) AppleWebKit/537.36 (KHTML, like Gecko) Chrome/147.0.0.0 Safari/537.36" {"service":"booking-platform-api"}
[32minfo[39m: [AUTH] User logged in {"role":"customer","service":"booking-platform-api","userId":3}
[32mhttp[39m: ::1 - - [19/Apr/2026:18:05:10 +0000] "POST /api/v1/auth/login HTTP/1.1" 200 607 "http://localhost:3000/" "Mozilla/5.0 (Windows NT 10.0; Win64; x64) AppleWebKit/537.36 (KHTML, like Gecko) Chrome/147.0.0.0 Safari/537.36" {"service":"booking-platform-api"}
